<?xml version="1.0" encoding="UTF-8"?>
<!-- Generated by org.testng.reporters.JUnitReportReporter -->
<testsuite hostname="DESKTOP-H3T3K9E" failures="0" tests="1" name="testNG.ExtendedRepots" time="20.370" errors="0" timestamp="2021-11-13T14:58:39 IST" skipped="0">
  <testcase classname="testNG.ExtendedRepots" name="logintoHomePage" time="20.370"/>
  <system-out/>
</testsuite> <!-- testNG.ExtendedRepots -->
