<?xml version="1.0" encoding="UTF-8"?>
<!-- Generated by org.testng.reporters.JUnitReportReporter -->
<testsuite hostname="DESKTOP-H3T3K9E" failures="0" tests="3" name="testNG.Class1" time="0.042" errors="0" timestamp="2021-11-10T18:33:20 IST" skipped="0">
  <testcase classname="testNG.Class1" name="abcd" time="0.036"/>
  <system-out/>
  <testcase classname="testNG.Class1" name="abcde" time="0.003"/>
  <system-out/>
  <testcase classname="testNG.Class1" name="abcdef" time="0.003"/>
  <system-out/>
</testsuite> <!-- testNG.Class1 -->
