<?xml version="1.0" encoding="UTF-8"?>
<!-- Generated by org.testng.reporters.JUnitReportReporter -->
<testsuite hostname="DESKTOP-H3T3K9E" failures="0" tests="2" name="practice1.WebTablesSorting" time="33.064" errors="0" timestamp="2021-11-14T16:42:26 IST" skipped="0">
  <testcase classname="practice1.WebTablesSorting" name="sorting" time="32.629"/>
  <system-out/>
  <testcase classname="practice1.WebTablesSorting" name="table" time="0.435"/>
  <system-out/>
</testsuite> <!-- practice1.WebTablesSorting -->
