<?xml version="1.0" encoding="UTF-8"?>
<!-- Generated by org.testng.reporters.JUnitReportReporter -->
<testsuite hostname="DESKTOP-H3T3K9E" failures="0" tests="3" name="testNG.Class2" time="0.029" errors="0" timestamp="2021-11-10T18:33:20 IST" skipped="0">
  <testcase classname="testNG.Class2" name="demo4" time="0.005"/>
  <system-out/>
  <testcase classname="testNG.Class2" name="demo5" time="0.007"/>
  <system-out/>
  <testcase classname="testNG.Class2" name="dome2" time="0.017"/>
  <system-out/>
</testsuite> <!-- testNG.Class2 -->
